🌤️ TASMANIA WEATHER INTELLIGENCE SYSTEM LOG
=============================================
📅 Started: 2026-04-23 21:15:46 UTC
🌍 Location: Grove (Cygnet Area)
📊 System Version: v2.0
🤖 Triggered by: schedule

🌡️ WEATHER DATA COLLECTED:
  - Temperature: 10.3°C
  - Apparent Temperature: 8.1°C
  - Humidity: 84%
  - Wind: WSW 9 km/h
  - Wind Gusts: 20 km/h
  - Pressure: N/A hPa
  - Rainfall: 0.2 mm
  - Conditions: -
  - Comfort Level: Perfect 😌

📊 SYSTEM PERFORMANCE:
  - Data Source: Australian Bureau of Meteorology
  - Observation Time: 20260423210000
  - Update Frequency: Every 3 hours
  - Automation Level: Fully Automated
  - Status: success

🎨 VISUALIZATIONS GENERATED:
  - Temperature Bar: [██░░░░░░░░]
  - Humidity Bar: [████████░░]
  - Wind Speed Bar: [█░░░░░░░░░]

🏁 Weather Intelligence Completed: 2026-04-23 21:15:46 UTC
✅ Final Status: success
=============================================
