🌤️ TASMANIA WEATHER INTELLIGENCE SYSTEM LOG
=============================================
📅 Started: 2026-03-05 00:16:36 UTC
🌍 Location: Grove (Cygnet Area)
📊 System Version: v2.0
🤖 Triggered by: schedule

🌡️ WEATHER DATA COLLECTED:
  - Temperature: 22.0°C
  - Apparent Temperature: 17.1°C
  - Humidity: 42%
  - Wind: WNW 24 km/h
  - Wind Gusts: 43 km/h
  - Pressure: N/A hPa
  - Rainfall: 0.0 mm
  - Conditions: -
  - Comfort Level: Perfect 😌

📊 SYSTEM PERFORMANCE:
  - Data Source: Australian Bureau of Meteorology
  - Observation Time: 20260305000000
  - Update Frequency: Every 3 hours
  - Automation Level: Fully Automated
  - Status: success

🎨 VISUALIZATIONS GENERATED:
  - Temperature Bar: [█████░░░░░]
  - Humidity Bar: [████░░░░░░]
  - Wind Speed Bar: [████░░░░░░]

🏁 Weather Intelligence Completed: 2026-03-05 00:16:36 UTC
✅ Final Status: success
=============================================
