🌤️ TASMANIA WEATHER INTELLIGENCE SYSTEM LOG
=============================================
📅 Started: 2026-04-16 12:21:08 UTC
🌍 Location: Grove (Cygnet Area)
📊 System Version: v2.0
🤖 Triggered by: schedule

🌡️ WEATHER DATA COLLECTED:
  - Temperature: 11.0°C
  - Apparent Temperature: 2.5°C
  - Humidity: 58%
  - Wind: W 37 km/h
  - Wind Gusts: 63 km/h
  - Pressure: N/A hPa
  - Rainfall: 2.4 mm
  - Conditions: -
  - Comfort Level: Perfect 😌

📊 SYSTEM PERFORMANCE:
  - Data Source: Australian Bureau of Meteorology
  - Observation Time: 20260416120000
  - Update Frequency: Every 3 hours
  - Automation Level: Fully Automated
  - Status: success

🎨 VISUALIZATIONS GENERATED:
  - Temperature Bar: [██░░░░░░░░]
  - Humidity Bar: [█████░░░░░]
  - Wind Speed Bar: [███████░░░]

🏁 Weather Intelligence Completed: 2026-04-16 12:21:08 UTC
✅ Final Status: success
=============================================
