🌤️ TASMANIA WEATHER INTELLIGENCE SYSTEM LOG
=============================================
📅 Started: 2026-04-29 06:48:30 UTC
🌍 Location: Grove (Cygnet Area)
📊 System Version: v2.0
🤖 Triggered by: schedule

🌡️ WEATHER DATA COLLECTED:
  - Temperature: 13.9°C
  - Apparent Temperature: 9.5°C
  - Humidity: 53%
  - Wind: E 17 km/h
  - Wind Gusts: 26 km/h
  - Pressure: N/A hPa
  - Rainfall: 0.0 mm
  - Conditions: -
  - Comfort Level: Perfect 😌

📊 SYSTEM PERFORMANCE:
  - Data Source: Australian Bureau of Meteorology
  - Observation Time: 20260429063000
  - Update Frequency: Every 3 hours
  - Automation Level: Fully Automated
  - Status: success

🎨 VISUALIZATIONS GENERATED:
  - Temperature Bar: [███░░░░░░░]
  - Humidity Bar: [█████░░░░░]
  - Wind Speed Bar: [███░░░░░░░]

🏁 Weather Intelligence Completed: 2026-04-29 06:48:30 UTC
✅ Final Status: success
=============================================
