🌤️ TASMANIA WEATHER INTELLIGENCE SYSTEM LOG
=============================================
📅 Started: 2026-03-02 03:47:15 UTC
🌍 Location: Grove (Cygnet Area)
📊 System Version: v2.0
🤖 Triggered by: schedule

🌡️ WEATHER DATA COLLECTED:
  - Temperature: 24.4°C
  - Apparent Temperature: 25.0°C
  - Humidity: 66%
  - Wind: SW 11 km/h
  - Wind Gusts: 17 km/h
  - Pressure: N/A hPa
  - Rainfall: 0.0 mm
  - Conditions: -
  - Comfort Level: Perfect 😌

📊 SYSTEM PERFORMANCE:
  - Data Source: Australian Bureau of Meteorology
  - Observation Time: 20260302033000
  - Update Frequency: Every 3 hours
  - Automation Level: Fully Automated
  - Status: success

🎨 VISUALIZATIONS GENERATED:
  - Temperature Bar: [██████░░░░]
  - Humidity Bar: [██████░░░░]
  - Wind Speed Bar: [██░░░░░░░░]

🏁 Weather Intelligence Completed: 2026-03-02 03:47:15 UTC
✅ Final Status: success
=============================================
