🌤️ TASMANIA WEATHER INTELLIGENCE SYSTEM LOG
=============================================
📅 Started: 2026-04-17 09:31:02 UTC
🌍 Location: Grove (Cygnet Area)
📊 System Version: v2.0
🤖 Triggered by: schedule

🌡️ WEATHER DATA COLLECTED:
  - Temperature: 9.6°C
  - Apparent Temperature: 2.7°C
  - Humidity: 61%
  - Wind: W 28 km/h
  - Wind Gusts: 50 km/h
  - Pressure: N/A hPa
  - Rainfall: 0.0 mm
  - Conditions: -
  - Comfort Level: Cold ❄️

📊 SYSTEM PERFORMANCE:
  - Data Source: Australian Bureau of Meteorology
  - Observation Time: 20260417090600
  - Update Frequency: Every 3 hours
  - Automation Level: Fully Automated
  - Status: success

🎨 VISUALIZATIONS GENERATED:
  - Temperature Bar: [██░░░░░░░░]
  - Humidity Bar: [██████░░░░]
  - Wind Speed Bar: [█████░░░░░]

🏁 Weather Intelligence Completed: 2026-04-17 09:31:02 UTC
✅ Final Status: success
=============================================
