🌤️ TASMANIA WEATHER INTELLIGENCE SYSTEM LOG
=============================================
📅 Started: 2026-03-02 06:17:05 UTC
🌍 Location: Grove (Cygnet Area)
📊 System Version: v2.0
🤖 Triggered by: schedule

🌡️ WEATHER DATA COLLECTED:
  - Temperature: 16.9°C
  - Apparent Temperature: 14.8°C
  - Humidity: 87%
  - Wind: SW 19 km/h
  - Wind Gusts: 26 km/h
  - Pressure: N/A hPa
  - Rainfall: 0.0 mm
  - Conditions: -
  - Comfort Level: Perfect 😌

📊 SYSTEM PERFORMANCE:
  - Data Source: Australian Bureau of Meteorology
  - Observation Time: 20260302060000
  - Update Frequency: Every 3 hours
  - Automation Level: Fully Automated
  - Status: success

🎨 VISUALIZATIONS GENERATED:
  - Temperature Bar: [████░░░░░░]
  - Humidity Bar: [████████░░]
  - Wind Speed Bar: [███░░░░░░░]

🏁 Weather Intelligence Completed: 2026-03-02 06:17:05 UTC
✅ Final Status: success
=============================================
