🌤️ TASMANIA WEATHER INTELLIGENCE SYSTEM LOG
=============================================
📅 Started: 2026-04-10 09:26:49 UTC
🌍 Location: Grove (Cygnet Area)
📊 System Version: v2.0
🤖 Triggered by: schedule

🌡️ WEATHER DATA COLLECTED:
  - Temperature: 7.0°C
  - Apparent Temperature: 3.6°C
  - Humidity: 69%
  - Wind: NNE 9 km/h
  - Wind Gusts: 15 km/h
  - Pressure: N/A hPa
  - Rainfall: 4.6 mm
  - Conditions: -
  - Comfort Level: Cold ❄️

📊 SYSTEM PERFORMANCE:
  - Data Source: Australian Bureau of Meteorology
  - Observation Time: 20260410090000
  - Update Frequency: Every 3 hours
  - Automation Level: Fully Automated
  - Status: success

🎨 VISUALIZATIONS GENERATED:
  - Temperature Bar: [█░░░░░░░░░]
  - Humidity Bar: [██████░░░░]
  - Wind Speed Bar: [█░░░░░░░░░]

🏁 Weather Intelligence Completed: 2026-04-10 09:26:49 UTC
✅ Final Status: success
=============================================
