🌤️ TASMANIA WEATHER INTELLIGENCE SYSTEM LOG
=============================================
📅 Started: 2026-03-26 09:20:32 UTC
🌍 Location: Grove (Cygnet Area)
📊 System Version: v2.0
🤖 Triggered by: schedule

🌡️ WEATHER DATA COLLECTED:
  - Temperature: 9.3°C
  - Apparent Temperature: 8.9°C
  - Humidity: 94%
  - Wind: CALM 0 km/h
  - Wind Gusts: 7 km/h
  - Pressure: N/A hPa
  - Rainfall: 4.8 mm
  - Conditions: -
  - Comfort Level: Cold ❄️

📊 SYSTEM PERFORMANCE:
  - Data Source: Australian Bureau of Meteorology
  - Observation Time: 20260326090000
  - Update Frequency: Every 3 hours
  - Automation Level: Fully Automated
  - Status: success

🎨 VISUALIZATIONS GENERATED:
  - Temperature Bar: [██░░░░░░░░]
  - Humidity Bar: [█████████░]
  - Wind Speed Bar: [█░░░░░░░░░░]

🏁 Weather Intelligence Completed: 2026-03-26 09:20:32 UTC
✅ Final Status: success
=============================================
