🌤️ TASMANIA WEATHER INTELLIGENCE SYSTEM LOG
=============================================
📅 Started: 2026-02-17 06:19:40 UTC
🌍 Location: Grove (Cygnet Area)
📊 System Version: v2.0
🤖 Triggered by: schedule

🌡️ WEATHER DATA COLLECTED:
  - Temperature: 29.1°C
  - Apparent Temperature: 23.9°C
  - Humidity: 31%
  - Wind: NNW 28 km/h
  - Wind Gusts: 50 km/h
  - Pressure: N/A hPa
  - Rainfall: 0.0 mm
  - Conditions: -
  - Comfort Level: Warm 🔥

📊 SYSTEM PERFORMANCE:
  - Data Source: Australian Bureau of Meteorology
  - Observation Time: 20260217060000
  - Update Frequency: Every 3 hours
  - Automation Level: Fully Automated
  - Status: success

🎨 VISUALIZATIONS GENERATED:
  - Temperature Bar: [███████░░░]
  - Humidity Bar: [███░░░░░░░]
  - Wind Speed Bar: [█████░░░░░]

🏁 Weather Intelligence Completed: 2026-02-17 06:19:40 UTC
✅ Final Status: success
=============================================
