🌤️ TASMANIA WEATHER INTELLIGENCE SYSTEM LOG
=============================================
📅 Started: 2026-03-13 09:12:31 UTC
🌍 Location: Grove (Cygnet Area)
📊 System Version: v2.0
🤖 Triggered by: schedule

🌡️ WEATHER DATA COLLECTED:
  - Temperature: 14.1°C
  - Apparent Temperature: 9.5°C
  - Humidity: 60%
  - Wind: W 20 km/h
  - Wind Gusts: 33 km/h
  - Pressure: N/A hPa
  - Rainfall: 0.0 mm
  - Conditions: -
  - Comfort Level: Perfect 😌

📊 SYSTEM PERFORMANCE:
  - Data Source: Australian Bureau of Meteorology
  - Observation Time: 20260313090000
  - Update Frequency: Every 3 hours
  - Automation Level: Fully Automated
  - Status: success

🎨 VISUALIZATIONS GENERATED:
  - Temperature Bar: [███░░░░░░░]
  - Humidity Bar: [██████░░░░]
  - Wind Speed Bar: [████░░░░░░]

🏁 Weather Intelligence Completed: 2026-03-13 09:12:31 UTC
✅ Final Status: success
=============================================
