🌤️ TASMANIA WEATHER INTELLIGENCE SYSTEM LOG
=============================================
📅 Started: 2026-04-16 04:02:55 UTC
🌍 Location: Grove (Cygnet Area)
📊 System Version: v2.0
🤖 Triggered by: schedule

🌡️ WEATHER DATA COLLECTED:
  - Temperature: 15.1°C
  - Apparent Temperature: 13.6°C
  - Humidity: 75%
  - Wind: NW 9 km/h
  - Wind Gusts: 19 km/h
  - Pressure: N/A hPa
  - Rainfall: 2.2 mm
  - Conditions: -
  - Comfort Level: Perfect 😌

📊 SYSTEM PERFORMANCE:
  - Data Source: Australian Bureau of Meteorology
  - Observation Time: 20260416033000
  - Update Frequency: Every 3 hours
  - Automation Level: Fully Automated
  - Status: success

🎨 VISUALIZATIONS GENERATED:
  - Temperature Bar: [███░░░░░░░]
  - Humidity Bar: [███████░░░]
  - Wind Speed Bar: [█░░░░░░░░░]

🏁 Weather Intelligence Completed: 2026-04-16 04:02:55 UTC
✅ Final Status: success
=============================================
