🌤️ TASMANIA WEATHER INTELLIGENCE SYSTEM LOG
=============================================
📅 Started: 2026-02-25 00:18:33 UTC
🌍 Location: Grove (Cygnet Area)
📊 System Version: v2.0
🤖 Triggered by: schedule

🌡️ WEATHER DATA COLLECTED:
  - Temperature: 16.2°C
  - Apparent Temperature: 12.3°C
  - Humidity: 48%
  - Wind: SW 15 km/h
  - Wind Gusts: 20 km/h
  - Pressure: N/A hPa
  - Rainfall: 0.0 mm
  - Conditions: -
  - Comfort Level: Perfect 😌

📊 SYSTEM PERFORMANCE:
  - Data Source: Australian Bureau of Meteorology
  - Observation Time: 20260225000000
  - Update Frequency: Every 3 hours
  - Automation Level: Fully Automated
  - Status: success

🎨 VISUALIZATIONS GENERATED:
  - Temperature Bar: [████░░░░░░]
  - Humidity Bar: [████░░░░░░]
  - Wind Speed Bar: [███░░░░░░░]

🏁 Weather Intelligence Completed: 2026-02-25 00:18:33 UTC
✅ Final Status: success
=============================================
