🌤️ TASMANIA WEATHER INTELLIGENCE SYSTEM LOG
=============================================
📅 Started: 2026-04-16 21:14:55 UTC
🌍 Location: Grove (Cygnet Area)
📊 System Version: v2.0
🤖 Triggered by: schedule

🌡️ WEATHER DATA COLLECTED:
  - Temperature: 7.1°C
  - Apparent Temperature: 3.1°C
  - Humidity: 86%
  - Wind: WSW 15 km/h
  - Wind Gusts: 20 km/h
  - Pressure: N/A hPa
  - Rainfall: 8.0 mm
  - Conditions: -
  - Comfort Level: Cold ❄️

📊 SYSTEM PERFORMANCE:
  - Data Source: Australian Bureau of Meteorology
  - Observation Time: 20260416210000
  - Update Frequency: Every 3 hours
  - Automation Level: Fully Automated
  - Status: success

🎨 VISUALIZATIONS GENERATED:
  - Temperature Bar: [█░░░░░░░░░]
  - Humidity Bar: [████████░░]
  - Wind Speed Bar: [███░░░░░░░]

🏁 Weather Intelligence Completed: 2026-04-16 21:14:55 UTC
✅ Final Status: success
=============================================
