🌤️ TASMANIA WEATHER INTELLIGENCE SYSTEM LOG
=============================================
📅 Started: 2026-03-08 15:04:20 UTC
🌍 Location: Grove (Cygnet Area)
📊 System Version: v2.0
🤖 Triggered by: schedule

🌡️ WEATHER DATA COLLECTED:
  - Temperature: 5.1°C
  - Apparent Temperature: 3.8°C
  - Humidity: 94%
  - Wind: CALM 0 km/h
  - Wind Gusts: 0 km/h
  - Pressure: N/A hPa
  - Rainfall: 0.0 mm
  - Conditions: -
  - Comfort Level: Cold ❄️

📊 SYSTEM PERFORMANCE:
  - Data Source: Australian Bureau of Meteorology
  - Observation Time: 20260308150000
  - Update Frequency: Every 3 hours
  - Automation Level: Fully Automated
  - Status: success

🎨 VISUALIZATIONS GENERATED:
  - Temperature Bar: [█░░░░░░░░░]
  - Humidity Bar: [█████████░]
  - Wind Speed Bar: [█░░░░░░░░░░]

🏁 Weather Intelligence Completed: 2026-03-08 15:04:20 UTC
✅ Final Status: success
=============================================
