🌤️ TASMANIA WEATHER INTELLIGENCE SYSTEM LOG
=============================================
📅 Started: 2026-02-16 06:22:49 UTC
🌍 Location: Grove (Cygnet Area)
📊 System Version: v2.0
🤖 Triggered by: schedule

🌡️ WEATHER DATA COLLECTED:
  - Temperature: 25.1°C
  - Apparent Temperature: 21.1°C
  - Humidity: 47%
  - Wind: E 26 km/h
  - Wind Gusts: 43 km/h
  - Pressure: N/A hPa
  - Rainfall: 0.0 mm
  - Conditions: -
  - Comfort Level: Warm 🔥

📊 SYSTEM PERFORMANCE:
  - Data Source: Australian Bureau of Meteorology
  - Observation Time: 20260216060000
  - Update Frequency: Every 3 hours
  - Automation Level: Fully Automated
  - Status: success

🎨 VISUALIZATIONS GENERATED:
  - Temperature Bar: [██████░░░░]
  - Humidity Bar: [████░░░░░░]
  - Wind Speed Bar: [█████░░░░░]

🏁 Weather Intelligence Completed: 2026-02-16 06:22:49 UTC
✅ Final Status: success
=============================================
