🌤️ TASMANIA WEATHER INTELLIGENCE SYSTEM LOG
=============================================
📅 Started: 2026-04-19 00:22:48 UTC
🌍 Location: Grove (Cygnet Area)
📊 System Version: v2.0
🤖 Triggered by: schedule

🌡️ WEATHER DATA COLLECTED:
  - Temperature: 8.2°C
  - Apparent Temperature: 5.6°C
  - Humidity: 75%
  - Wind: SW 7 km/h
  - Wind Gusts: 11 km/h
  - Pressure: N/A hPa
  - Rainfall: 0.0 mm
  - Conditions: -
  - Comfort Level: Cold ❄️

📊 SYSTEM PERFORMANCE:
  - Data Source: Australian Bureau of Meteorology
  - Observation Time: 20260419000000
  - Update Frequency: Every 3 hours
  - Automation Level: Fully Automated
  - Status: success

🎨 VISUALIZATIONS GENERATED:
  - Temperature Bar: [██░░░░░░░░]
  - Humidity Bar: [███████░░░]
  - Wind Speed Bar: [█░░░░░░░░░]

🏁 Weather Intelligence Completed: 2026-04-19 00:22:48 UTC
✅ Final Status: success
=============================================
