🌤️ TASMANIA WEATHER INTELLIGENCE SYSTEM LOG
=============================================
📅 Started: 2026-02-24 18:19:14 UTC
🌍 Location: Grove (Cygnet Area)
📊 System Version: v2.0
🤖 Triggered by: schedule

🌡️ WEATHER DATA COLLECTED:
  - Temperature: 13.3°C
  - Apparent Temperature: 10.9°C
  - Humidity: 74%
  - Wind: WSW 11 km/h
  - Wind Gusts: 17 km/h
  - Pressure: N/A hPa
  - Rainfall: 0.0 mm
  - Conditions: -
  - Comfort Level: Perfect 😌

📊 SYSTEM PERFORMANCE:
  - Data Source: Australian Bureau of Meteorology
  - Observation Time: 20260224180000
  - Update Frequency: Every 3 hours
  - Automation Level: Fully Automated
  - Status: success

🎨 VISUALIZATIONS GENERATED:
  - Temperature Bar: [███░░░░░░░]
  - Humidity Bar: [███████░░░]
  - Wind Speed Bar: [██░░░░░░░░]

🏁 Weather Intelligence Completed: 2026-02-24 18:19:14 UTC
✅ Final Status: success
=============================================
