🌤️ TASMANIA WEATHER INTELLIGENCE SYSTEM LOG
=============================================
📅 Started: 2026-03-16 06:30:01 UTC
🌍 Location: Grove (Cygnet Area)
📊 System Version: v2.0
🤖 Triggered by: schedule

🌡️ WEATHER DATA COLLECTED:
  - Temperature: 17.0°C
  - Apparent Temperature: 15.0°C
  - Humidity: 70%
  - Wind: E 13 km/h
  - Wind Gusts: 17 km/h
  - Pressure: N/A hPa
  - Rainfall: 0.0 mm
  - Conditions: -
  - Comfort Level: Perfect 😌

📊 SYSTEM PERFORMANCE:
  - Data Source: Australian Bureau of Meteorology
  - Observation Time: 20260316060000
  - Update Frequency: Every 3 hours
  - Automation Level: Fully Automated
  - Status: success

🎨 VISUALIZATIONS GENERATED:
  - Temperature Bar: [████░░░░░░]
  - Humidity Bar: [███████░░░]
  - Wind Speed Bar: [██░░░░░░░░]

🏁 Weather Intelligence Completed: 2026-03-16 06:30:01 UTC
✅ Final Status: success
=============================================
