🌤️ TASMANIA WEATHER INTELLIGENCE SYSTEM LOG
=============================================
📅 Started: 2026-05-03 00:28:32 UTC
🌍 Location: Grove (Cygnet Area)
📊 System Version: v2.0
🤖 Triggered by: schedule

🌡️ WEATHER DATA COLLECTED:
  - Temperature: 14.6°C
  - Apparent Temperature: 14.2°C
  - Humidity: 80%
  - Wind: NW 4 km/h
  - Wind Gusts: 9 km/h
  - Pressure: N/A hPa
  - Rainfall: 0.0 mm
  - Conditions: -
  - Comfort Level: Perfect 😌

📊 SYSTEM PERFORMANCE:
  - Data Source: Australian Bureau of Meteorology
  - Observation Time: 20260503000000
  - Update Frequency: Every 3 hours
  - Automation Level: Fully Automated
  - Status: success

🎨 VISUALIZATIONS GENERATED:
  - Temperature Bar: [███░░░░░░░]
  - Humidity Bar: [████████░░]
  - Wind Speed Bar: [█░░░░░░░░░░]

🏁 Weather Intelligence Completed: 2026-05-03 00:28:32 UTC
✅ Final Status: success
=============================================
