🌤️ TASMANIA WEATHER INTELLIGENCE SYSTEM LOG
=============================================
📅 Started: 2026-05-03 18:16:51 UTC
🌍 Location: Grove (Cygnet Area)
📊 System Version: v2.0
🤖 Triggered by: schedule

🌡️ WEATHER DATA COLLECTED:
  - Temperature: 10.0°C
  - Apparent Temperature: 9.2°C
  - Humidity: 98%
  - Wind: NNE 4 km/h
  - Wind Gusts: 6 km/h
  - Pressure: N/A hPa
  - Rainfall: 0.4 mm
  - Conditions: -
  - Comfort Level: Perfect 😌

📊 SYSTEM PERFORMANCE:
  - Data Source: Australian Bureau of Meteorology
  - Observation Time: 20260503180000
  - Update Frequency: Every 3 hours
  - Automation Level: Fully Automated
  - Status: success

🎨 VISUALIZATIONS GENERATED:
  - Temperature Bar: [██░░░░░░░░]
  - Humidity Bar: [█████████░]
  - Wind Speed Bar: [█░░░░░░░░░░]

🏁 Weather Intelligence Completed: 2026-05-03 18:16:51 UTC
✅ Final Status: success
=============================================
