🌤️ TASMANIA WEATHER INTELLIGENCE SYSTEM LOG
=============================================
📅 Started: 2026-04-01 21:14:21 UTC
🌍 Location: Grove (Cygnet Area)
📊 System Version: v2.0
🤖 Triggered by: schedule

🌡️ WEATHER DATA COLLECTED:
  - Temperature: 14.7°C
  - Apparent Temperature: 12.0°C
  - Humidity: 61%
  - Wind: N 11 km/h
  - Wind Gusts: 19 km/h
  - Pressure: N/A hPa
  - Rainfall: 0.2 mm
  - Conditions: -
  - Comfort Level: Perfect 😌

📊 SYSTEM PERFORMANCE:
  - Data Source: Australian Bureau of Meteorology
  - Observation Time: 20260401210000
  - Update Frequency: Every 3 hours
  - Automation Level: Fully Automated
  - Status: success

🎨 VISUALIZATIONS GENERATED:
  - Temperature Bar: [███░░░░░░░]
  - Humidity Bar: [██████░░░░]
  - Wind Speed Bar: [██░░░░░░░░]

🏁 Weather Intelligence Completed: 2026-04-01 21:14:21 UTC
✅ Final Status: success
=============================================
