🌤️ TASMANIA WEATHER INTELLIGENCE SYSTEM LOG
=============================================
📅 Started: 2026-03-11 03:46:13 UTC
🌍 Location: Grove (Cygnet Area)
📊 System Version: v2.0
🤖 Triggered by: schedule

🌡️ WEATHER DATA COLLECTED:
  - Temperature: 15.5°C
  - Apparent Temperature: 15.6°C
  - Humidity: 94%
  - Wind: SW 7 km/h
  - Wind Gusts: 9 km/h
  - Pressure: N/A hPa
  - Rainfall: 6.0 mm
  - Conditions: -
  - Comfort Level: Perfect 😌

📊 SYSTEM PERFORMANCE:
  - Data Source: Australian Bureau of Meteorology
  - Observation Time: 20260311033000
  - Update Frequency: Every 3 hours
  - Automation Level: Fully Automated
  - Status: success

🎨 VISUALIZATIONS GENERATED:
  - Temperature Bar: [███░░░░░░░]
  - Humidity Bar: [█████████░]
  - Wind Speed Bar: [█░░░░░░░░░]

🏁 Weather Intelligence Completed: 2026-03-11 03:46:13 UTC
✅ Final Status: success
=============================================
