🌤️ TASMANIA WEATHER INTELLIGENCE SYSTEM LOG
=============================================
📅 Started: 2026-05-02 21:13:55 UTC
🌍 Location: Grove (Cygnet Area)
📊 System Version: v2.0
🤖 Triggered by: schedule

🌡️ WEATHER DATA COLLECTED:
  - Temperature: 12.3°C
  - Apparent Temperature: 12.2°C
  - Humidity: 82%
  - Wind: CALM 0 km/h
  - Wind Gusts: 0 km/h
  - Pressure: N/A hPa
  - Rainfall: 0.0 mm
  - Conditions: -
  - Comfort Level: Perfect 😌

📊 SYSTEM PERFORMANCE:
  - Data Source: Australian Bureau of Meteorology
  - Observation Time: 20260502210000
  - Update Frequency: Every 3 hours
  - Automation Level: Fully Automated
  - Status: success

🎨 VISUALIZATIONS GENERATED:
  - Temperature Bar: [███░░░░░░░]
  - Humidity Bar: [████████░░]
  - Wind Speed Bar: [█░░░░░░░░░░]

🏁 Weather Intelligence Completed: 2026-05-02 21:13:55 UTC
✅ Final Status: success
=============================================
