🌤️ TASMANIA WEATHER INTELLIGENCE SYSTEM LOG
=============================================
📅 Started: 2026-02-21 21:04:09 UTC
🌍 Location: Grove (Cygnet Area)
📊 System Version: v2.0
🤖 Triggered by: schedule

🌡️ WEATHER DATA COLLECTED:
  - Temperature: 20.3°C
  - Apparent Temperature: 16.0°C
  - Humidity: 54%
  - Wind: NNW 24 km/h
  - Wind Gusts: 33 km/h
  - Pressure: N/A hPa
  - Rainfall: 0.0 mm
  - Conditions: -
  - Comfort Level: Perfect 😌

📊 SYSTEM PERFORMANCE:
  - Data Source: Australian Bureau of Meteorology
  - Observation Time: 20260221210000
  - Update Frequency: Every 3 hours
  - Automation Level: Fully Automated
  - Status: success

🎨 VISUALIZATIONS GENERATED:
  - Temperature Bar: [█████░░░░░]
  - Humidity Bar: [█████░░░░░]
  - Wind Speed Bar: [████░░░░░░]

🏁 Weather Intelligence Completed: 2026-02-21 21:04:09 UTC
✅ Final Status: success
=============================================
