🌤️ TASMANIA WEATHER INTELLIGENCE SYSTEM LOG
=============================================
📅 Started: 2026-02-27 06:16:31 UTC
🌍 Location: Grove (Cygnet Area)
📊 System Version: v2.0
🤖 Triggered by: schedule

🌡️ WEATHER DATA COLLECTED:
  - Temperature: 22.0°C
  - Apparent Temperature: 17.6°C
  - Humidity: 43%
  - Wind: E 22 km/h
  - Wind Gusts: 35 km/h
  - Pressure: N/A hPa
  - Rainfall: 0.0 mm
  - Conditions: -
  - Comfort Level: Perfect 😌

📊 SYSTEM PERFORMANCE:
  - Data Source: Australian Bureau of Meteorology
  - Observation Time: 20260227060000
  - Update Frequency: Every 3 hours
  - Automation Level: Fully Automated
  - Status: success

🎨 VISUALIZATIONS GENERATED:
  - Temperature Bar: [█████░░░░░]
  - Humidity Bar: [████░░░░░░]
  - Wind Speed Bar: [████░░░░░░]

🏁 Weather Intelligence Completed: 2026-02-27 06:16:31 UTC
✅ Final Status: success
=============================================
