🌤️ TASMANIA WEATHER INTELLIGENCE SYSTEM LOG
=============================================
📅 Started: 2026-03-07 03:39:25 UTC
🌍 Location: Grove (Cygnet Area)
📊 System Version: v2.0
🤖 Triggered by: schedule

🌡️ WEATHER DATA COLLECTED:
  - Temperature: 16.6°C
  - Apparent Temperature: 13.7°C
  - Humidity: 52%
  - Wind: WSW 11 km/h
  - Wind Gusts: 20 km/h
  - Pressure: N/A hPa
  - Rainfall: 0.0 mm
  - Conditions: -
  - Comfort Level: Perfect 😌

📊 SYSTEM PERFORMANCE:
  - Data Source: Australian Bureau of Meteorology
  - Observation Time: 20260307033000
  - Update Frequency: Every 3 hours
  - Automation Level: Fully Automated
  - Status: success

🎨 VISUALIZATIONS GENERATED:
  - Temperature Bar: [████░░░░░░]
  - Humidity Bar: [█████░░░░░]
  - Wind Speed Bar: [██░░░░░░░░]

🏁 Weather Intelligence Completed: 2026-03-07 03:39:25 UTC
✅ Final Status: success
=============================================
