🌤️ TASMANIA WEATHER INTELLIGENCE SYSTEM LOG
=============================================
📅 Started: 2026-04-01 06:32:57 UTC
🌍 Location: Grove (Cygnet Area)
📊 System Version: v2.0
🤖 Triggered by: schedule

🌡️ WEATHER DATA COLLECTED:
  - Temperature: 19.1°C
  - Apparent Temperature: 14.9°C
  - Humidity: 50%
  - Wind: WNW 20 km/h
  - Wind Gusts: 37 km/h
  - Pressure: N/A hPa
  - Rainfall: 0.2 mm
  - Conditions: -
  - Comfort Level: Perfect 😌

📊 SYSTEM PERFORMANCE:
  - Data Source: Australian Bureau of Meteorology
  - Observation Time: 20260401063000
  - Update Frequency: Every 3 hours
  - Automation Level: Fully Automated
  - Status: success

🎨 VISUALIZATIONS GENERATED:
  - Temperature Bar: [████░░░░░░]
  - Humidity Bar: [█████░░░░░]
  - Wind Speed Bar: [████░░░░░░]

🏁 Weather Intelligence Completed: 2026-04-01 06:32:57 UTC
✅ Final Status: success
=============================================
