🌤️ TASMANIA WEATHER INTELLIGENCE SYSTEM LOG
=============================================
📅 Started: 2026-04-28 21:23:10 UTC
🌍 Location: Grove (Cygnet Area)
📊 System Version: v2.0
🤖 Triggered by: schedule

🌡️ WEATHER DATA COLLECTED:
  - Temperature: 4.0°C
  - Apparent Temperature: 1.1°C
  - Humidity: 91%
  - Wind: N 7 km/h
  - Wind Gusts: 9 km/h
  - Pressure: N/A hPa
  - Rainfall: - mm
  - Conditions: -
  - Comfort Level: Cold ❄️

📊 SYSTEM PERFORMANCE:
  - Data Source: Australian Bureau of Meteorology
  - Observation Time: 20260428210000
  - Update Frequency: Every 3 hours
  - Automation Level: Fully Automated
  - Status: success

🎨 VISUALIZATIONS GENERATED:
  - Temperature Bar: [█░░░░░░░░░]
  - Humidity Bar: [█████████░]
  - Wind Speed Bar: [█░░░░░░░░░]

🏁 Weather Intelligence Completed: 2026-04-28 21:23:10 UTC
✅ Final Status: success
=============================================
